InnoDB: The first specified data file .\ibdata1 did not exist:
InnoDB: a new database to be created!
091011 18:00:00  InnoDB: Setting file .\ibdata1 size to 10 MB
InnoDB: Database physically writes the file full: wait...
091011 18:00:00  InnoDB: Log file .\ib_logfile0 did not exist: new to be created
InnoDB: Setting log file .\ib_logfile0 size to 5 MB
InnoDB: Database physically writes the file full: wait...
091011 18:00:00  InnoDB: Log file .\ib_logfile1 did not exist: new to be created
InnoDB: Setting log file .\ib_logfile1 size to 5 MB
InnoDB: Database physically writes the file full: wait...
InnoDB: Doublewrite buffer not found: creating new
InnoDB: Doublewrite buffer created
InnoDB: Creating foreign key constraint system tables
InnoDB: Foreign key constraint system tables created
091011 18:00:01  InnoDB: Started; log sequence number 0 0
091011 18:00:03 [Note] c:\Fast\mysql\bin\mysqld-nt.exe: ready for connections.
Version: '5.0.16-nt'  socket: ''  port: 3306  Official MySQL binary
091011 18:01:03 [Note] c:\Fast\mysql\bin\mysqld-nt.exe: Normal shutdown

091011 18:01:03  InnoDB: Starting shutdown...
091011 18:01:05  InnoDB: Shutdown completed; log sequence number 0 43655
091011 18:01:05 [Note] c:\Fast\mysql\bin\mysqld-nt.exe: Shutdown complete

